<?xml version="1.0" encoding="UTF-8"?>
<!-- Generated by org.testng.reporters.JUnitXMLReporter -->
<testsuite hostname="DESKTOP-848R1Q0" ignored="1" name="Default test" tests="1" failures="0" timestamp="14 Jan 2021 12:05:00 GMT" time="11.902" errors="0">
  <testcase name="getAPI" time="11.834" classname="com.qa.validateAPI.ValidateAPI"/>
  <testcase name="getAPI1" time="0.0" classname="com.qa.validateAPI.ValidateAPI">
    <ignored/>
  </testcase> <!-- getAPI1 -->
</testsuite> <!-- Default test -->
