<?xml version="1.0" encoding="UTF-8"?>
<testng-results skipped="0" failed="0" ignored="1" total="2" passed="1">
  <reporter-output>
  </reporter-output>
  <suite name="Default suite" duration-ms="11902" started-at="2021-01-14T12:04:48Z" finished-at="2021-01-14T12:05:00Z">
    <groups>
    </groups>
    <test name="Default test" duration-ms="11902" started-at="2021-01-14T12:04:48Z" finished-at="2021-01-14T12:05:00Z">
      <class name="com.qa.validateAPI.ValidateAPI">
        <test-method status="PASS" signature="getAPI()[pri:0, instance:com.qa.validateAPI.ValidateAPI@e45f292]" name="getAPI" duration-ms="11834" started-at="2021-01-14T12:04:48Z" finished-at="2021-01-14T12:05:00Z">
          <reporter-output>
          </reporter-output>
        </test-method> <!-- getAPI -->
      </class> <!-- com.qa.validateAPI.ValidateAPI -->
    </test> <!-- Default test -->
  </suite> <!-- Default suite -->
</testng-results>
